\BOOKMARK [1][-]{section.1}{\376\377\000I\000n\000t\000r\000o\000d\000u\000c\000t\000i\000o\000n}{}% 1
\BOOKMARK [2][-]{subsection.1.1}{\376\377\000D\000e\000f\000i\000n\000i\000n\000g\000\040\000F\000e\000d\000e\000r\000a\000l\000i\000s\000m\000\040\000i\000n\000\040\000E\000d\000u\000c\000a\000t\000i\000o\000n}{section.1}% 2
\BOOKMARK [2][-]{subsection.1.2}{\376\377\000A\000\040\000B\000r\000i\000e\000f\000\040\000H\000i\000s\000t\000o\000r\000i\000c\000a\000l\000\040\000C\000o\000n\000t\000e\000x\000t}{section.1}% 3
\BOOKMARK [2][-]{subsection.1.3}{\376\377\000C\000o\000n\000t\000e\000m\000p\000o\000r\000a\000r\000y\000\040\000R\000e\000l\000e\000v\000a\000n\000c\000e}{section.1}% 4
\BOOKMARK [2][-]{subsection.1.4}{\376\377\000C\000e\000n\000t\000r\000a\000l\000\040\000F\000o\000c\000u\000s}{section.1}% 5
\BOOKMARK [1][-]{section.2}{\376\377\000R\000e\000l\000e\000v\000a\000n\000t\000\040\000P\000o\000l\000i\000c\000y\000\040\000C\000a\000s\000e\000\040\000S\000t\000u\000d\000i\000e\000s}{}% 6
\BOOKMARK [2][-]{subsection.2.1}{\376\377\000N\000o\000\040\000C\000h\000i\000l\000d\000\040\000L\000e\000f\000t\000\040\000B\000e\000h\000i\000n\000d\000\040\000A\000c\000t\000\040\000\050\000N\000C\000L\000B\000\051}{section.2}% 7
\BOOKMARK [3][-]{subsubsection.2.1.1}{\376\377\000I\000n\000c\000r\000e\000a\000s\000e\000d\000\040\000F\000e\000d\000e\000r\000a\000l\000\040\000O\000v\000e\000r\000s\000i\000g\000h\000t}{subsection.2.1}% 8
\BOOKMARK [3][-]{subsubsection.2.1.2}{\376\377\000F\000u\000n\000d\000i\000n\000g\000\040\000a\000n\000d\000\040\000A\000c\000c\000o\000u\000n\000t\000a\000b\000i\000l\000i\000t\000y}{subsection.2.1}% 9
\BOOKMARK [3][-]{subsubsection.2.1.3}{\376\377\000F\000e\000d\000e\000r\000a\000l\000-\000S\000t\000a\000t\000e\000\040\000T\000e\000n\000s\000i\000o\000n\000s}{subsection.2.1}% 10
\BOOKMARK [3][-]{subsubsection.2.1.4}{\376\377\000E\000f\000f\000e\000c\000t\000i\000v\000n\000e\000s\000s\000\040\000a\000n\000d\000\040\000L\000i\000m\000i\000t\000a\000t\000i\000o\000n\000s}{subsection.2.1}% 11
\BOOKMARK [2][-]{subsection.2.2}{\376\377\000E\000v\000e\000r\000y\000\040\000S\000t\000u\000d\000e\000n\000t\000\040\000S\000u\000c\000c\000e\000e\000d\000s\000\040\000A\000c\000t\000\040\000\050\000E\000S\000S\000A\000\051}{section.2}% 12
\BOOKMARK [3][-]{subsubsection.2.2.1}{\376\377\000A\000\040\000R\000e\000t\000u\000r\000n\000\040\000t\000o\000\040\000S\000t\000a\000t\000e\000\040\000C\000o\000n\000t\000r\000o\000l}{subsection.2.2}% 13
\BOOKMARK [3][-]{subsubsection.2.2.2}{\376\377\000I\000n\000e\000q\000u\000i\000t\000y\000\040\000a\000n\000d\000\040\000A\000c\000c\000o\000u\000n\000t\000a\000b\000i\000l\000i\000t\000y}{subsection.2.2}% 14
\BOOKMARK [3][-]{subsubsection.2.2.3}{\376\377\000F\000e\000d\000e\000r\000a\000l\000i\000s\000m\000'\000s\000\040\000I\000m\000p\000l\000i\000c\000a\000t\000i\000o\000n\000s\000\040\000a\000n\000d\000\040\000C\000h\000a\000l\000l\000e\000n\000g\000e\000s}{subsection.2.2}% 15
\BOOKMARK [2][-]{subsection.2.3}{\376\377\000C\000O\000V\000I\000D\000-\0001\0009\000:\000\040\000F\000e\000d\000e\000r\000a\000l\000i\000s\000m\000\040\000i\000n\000\040\000C\000r\000i\000s\000e\000s}{section.2}% 16
\BOOKMARK [1][-]{section.3}{\376\377\000C\000h\000a\000l\000l\000e\000n\000g\000e\000s\000\040\000i\000n\000\040\000E\000d\000u\000c\000a\000t\000i\000o\000n\000a\000l\000\040\000F\000e\000d\000e\000r\000a\000l\000i\000s\000m}{}% 17
\BOOKMARK [2][-]{subsection.3.1}{\376\377\000F\000r\000a\000g\000m\000e\000n\000t\000a\000t\000e\000d\000\040\000A\000u\000t\000h\000o\000r\000i\000t\000y\000\040\000a\000n\000d\000\040\000A\000c\000c\000o\000u\000n\000t\000a\000b\000i\000l\000i\000t\000y\000\040\000G\000a\000p\000s}{section.3}% 18
\BOOKMARK [2][-]{subsection.3.2}{\376\377\000I\000n\000e\000q\000u\000i\000t\000a\000b\000l\000e\000\040\000F\000u\000n\000d\000i\000n\000g\000\040\000M\000e\000c\000h\000a\000n\000i\000s\000m\000s}{section.3}% 19
\BOOKMARK [2][-]{subsection.3.3}{\376\377\000T\000e\000n\000s\000i\000o\000n\000\040\000B\000e\000t\000w\000e\000e\000n\000\040\000L\000o\000c\000a\000l\000\040\000A\000u\000t\000o\000n\000o\000m\000y\000\040\000a\000n\000d\000\040\000N\000a\000t\000i\000o\000n\000a\000l\000\040\000G\000o\000a\000l\000s}{section.3}% 20
\BOOKMARK [1][-]{section.4}{\376\377\000O\000p\000p\000o\000r\000t\000u\000n\000i\000t\000i\000e\000s\000\040\000f\000o\000r\000\040\000R\000e\000f\000o\000r\000m\000\040\000a\000n\000d\000\040\000I\000n\000n\000o\000v\000a\000t\000i\000o\000n}{}% 21
\BOOKMARK [2][-]{subsection.4.1}{\376\377\000F\000u\000n\000d\000i\000n\000g\000\040\000R\000e\000f\000o\000r\000m\000s}{section.4}% 22
\BOOKMARK [2][-]{subsection.4.2}{\376\377\000F\000e\000d\000e\000r\000a\000l\000i\000s\000t\000\040\000P\000o\000l\000i\000c\000y\000\040\000I\000n\000n\000o\000v\000a\000t\000i\000o\000n\000s}{section.4}% 23
\BOOKMARK [2][-]{subsection.4.3}{\376\377\000A\000d\000d\000r\000e\000s\000s\000i\000n\000g\000\040\000S\000y\000s\000t\000e\000m\000i\000c\000\040\000D\000i\000s\000p\000a\000r\000i\000t\000i\000e\000s}{section.4}% 24
\BOOKMARK [2][-]{subsection.4.4}{\376\377\000F\000e\000d\000e\000r\000a\000l\000i\000s\000m\000\040\000a\000s\000\040\000a\000\040\000G\000o\000v\000e\000r\000n\000a\000n\000c\000e\000\040\000M\000o\000d\000e\000l}{section.4}% 25
\BOOKMARK [1][-]{section.5}{\376\377\000C\000o\000n\000c\000l\000u\000s\000i\000o\000n}{}% 26
\BOOKMARK [1][-]{section.6}{\376\377\000S\000o\000u\000r\000c\000e\000s}{}% 27
